# JRE version: Java(TM) SE Runtime Environment (8.0_191-b12) (build 1.8.0_191-b12)
# Java VM: Java HotSpot(TM) 64-Bit Server VM (25.191-b12 mixed mode windows-amd64 compressed oops)
Heap:
 PSYoungGen      total 253440K, used 38850K [0x00000000e0000000, 0x00000000f7700000, 0x0000000100000000)
  eden space 239616K, 10% used [0x00000000e0000000,0x00000000e1875160,0x00000000eea00000)
  from space 13824K, 99% used [0x00000000eea00000,0x00000000ef77b7a0,0x00000000ef780000)
  to   space 21504K, 0% used [0x00000000f6200000,0x00000000f6200000,0x00000000f7700000)
 ParOldGen       total 66560K, used 30461K [0x00000000a0000000, 0x00000000a4100000, 0x00000000e0000000)
  object space 66560K, 45% used [0x00000000a0000000,0x00000000a1dbf7e8,0x00000000a4100000)
 Metaspace       used 56357K, capacity 58128K, committed 58368K, reserved 1099776K
  class space    used 7953K, capacity 8373K, committed 8448K, reserved 1048576K
GC Heap History (10 events):
Event: 9.462 GC heap before
{Heap before GC invocations=7 (full 1):
 PSYoungGen      total 138752K, used 4306K [0x00000000e0000000, 0x00000000e9200000, 0x0000000100000000)
  eden space 128000K, 0% used [0x00000000e0000000,0x00000000e0000000,0x00000000e7d00000)
  from space 10752K, 40% used [0x00000000e8780000,0x00000000e8bb4818,0x00000000e9200000)
  to   space 10752K, 0% used [0x00000000e7d00000,0x00000000e7d00000,0x00000000e8780000)
 ParOldGen       total 86016K, used 10800K [0x00000000a0000000, 0x00000000a5400000, 0x00000000e0000000)
  object space 86016K, 12% used [0x00000000a0000000,0x00000000a0a8c0c8,0x00000000a5400000)
 Metaspace       used 20577K, capacity 21058K, committed 21248K, reserved 1067008K
  class space    used 3044K, capacity 3225K, committed 3328K, reserved 1048576K
Event: 9.520 GC heap after
Heap after GC invocations=7 (full 1):
 PSYoungGen      total 138752K, used 0K [0x00000000e0000000, 0x00000000e9200000, 0x0000000100000000)
  eden space 128000K, 0% used [0x00000000e0000000,0x00000000e0000000,0x00000000e7d00000)
  from space 10752K, 0% used [0x00000000e8780000,0x00000000e8780000,0x00000000e9200000)
  to   space 10752K, 0% used [0x00000000e7d00000,0x00000000e7d00000,0x00000000e8780000)
 ParOldGen       total 50176K, used 8281K [0x00000000a0000000, 0x00000000a3100000, 0x00000000e0000000)
  object space 50176K, 16% used [0x00000000a0000000,0x00000000a0816430,0x00000000a3100000)
 Metaspace       used 20577K, capacity 21058K, committed 21248K, reserved 1067008K
  class space    used 3044K, capacity 3225K, committed 3328K, reserved 1048576K
}
Event: 13.932 GC heap before
{Heap before GC invocations=8 (full 1):
 PSYoungGen      total 138752K, used 128000K [0x00000000e0000000, 0x00000000e9200000, 0x0000000100000000)
  eden space 128000K, 100% used [0x00000000e0000000,0x00000000e7d00000,0x00000000e7d00000)
  from space 10752K, 0% used [0x00000000e8780000,0x00000000e8780000,0x00000000e9200000)
  to   space 10752K, 0% used [0x00000000e7d00000,0x00000000e7d00000,0x00000000e8780000)
 ParOldGen       total 50176K, used 8281K [0x00000000a0000000, 0x00000000a3100000, 0x00000000e0000000)
  object space 50176K, 16% used [0x00000000a0000000,0x00000000a0816430,0x00000000a3100000)
 Metaspace       used 31903K, capacity 32444K, committed 32640K, reserved 1077248K
  class space    used 4481K, capacity 4687K, committed 4736K, reserved 1048576K
Event: 13.962 GC heap after
Heap after GC invocations=8 (full 1):
 PSYoungGen      total 138752K, used 10735K [0x00000000e0000000, 0x00000000f0700000, 0x0000000100000000)
  eden space 128000K, 0% used [0x00000000e0000000,0x00000000e0000000,0x00000000e7d00000)
  from space 10752K, 99% used [0x00000000e7d00000,0x00000000e877bec8,0x00000000e8780000)
  to   space 13312K, 0% used [0x00000000efa00000,0x00000000efa00000,0x00000000f0700000)
 ParOldGen       total 50176K, used 10097K [0x00000000a0000000, 0x00000000a3100000, 0x00000000e0000000)
  object space 50176K, 20% used [0x00000000a0000000,0x00000000a09dc418,0x00000000a3100000)
 Metaspace       used 31903K, capacity 32444K, committed 32640K, reserved 1077248K
  class space    used 4481K, capacity 4687K, committed 4736K, reserved 1048576K
}
Event: 16.489 GC heap before
{Heap before GC invocations=9 (full 1):
 PSYoungGen      total 138752K, used 68013K [0x00000000e0000000, 0x00000000f0700000, 0x0000000100000000)
  eden space 128000K, 44% used [0x00000000e0000000,0x00000000e37ef768,0x00000000e7d00000)
  from space 10752K, 99% used [0x00000000e7d00000,0x00000000e877bec8,0x00000000e8780000)
  to   space 13312K, 0% used [0x00000000efa00000,0x00000000efa00000,0x00000000f0700000)
 ParOldGen       total 50176K, used 10097K [0x00000000a0000000, 0x00000000a3100000, 0x00000000e0000000)
  object space 50176K, 20% used [0x00000000a0000000,0x00000000a09dc418,0x00000000a3100000)
 Metaspace       used 34588K, capacity 35334K, committed 35416K, reserved 1079296K
  class space    used 4858K, capacity 5080K, committed 5120K, reserved 1048576K
Event: 16.510 GC heap after
Heap after GC invocations=9 (full 1):
 PSYoungGen      total 250880K, used 9159K [0x00000000e0000000, 0x00000000f0500000, 0x0000000100000000)
  eden space 239616K, 0% used [0x00000000e0000000,0x00000000e0000000,0x00000000eea00000)
  from space 11264K, 81% used [0x00000000efa00000,0x00000000f02f1f48,0x00000000f0500000)
  to   space 13824K, 0% used [0x00000000eea00000,0x00000000eea00000,0x00000000ef780000)
 ParOldGen       total 50176K, used 10105K [0x00000000a0000000, 0x00000000a3100000, 0x00000000e0000000)
  object space 50176K, 20% used [0x00000000a0000000,0x00000000a09de418,0x00000000a3100000)
 Metaspace       used 34588K, capacity 35334K, committed 35416K, reserved 1079296K
  class space    used 4858K, capacity 5080K, committed 5120K, reserved 1048576K
}
Event: 16.510 GC heap before
{Heap before GC invocations=10 (full 2):
 PSYoungGen      total 250880K, used 9159K [0x00000000e0000000, 0x00000000f0500000, 0x0000000100000000)
  eden space 239616K, 0% used [0x00000000e0000000,0x00000000e0000000,0x00000000eea00000)
  from space 11264K, 81% used [0x00000000efa00000,0x00000000f02f1f48,0x00000000f0500000)
  to   space 13824K, 0% used [0x00000000eea00000,0x00000000eea00000,0x00000000ef780000)
 ParOldGen       total 50176K, used 10105K [0x00000000a0000000, 0x00000000a3100000, 0x00000000e0000000)
  object space 50176K, 20% used [0x00000000a0000000,0x00000000a09de418,0x00000000a3100000)
 Metaspace       used 34588K, capacity 35334K, committed 35416K, reserved 1079296K
  class space    used 4858K, capacity 5080K, committed 5120K, reserved 1048576K
Event: 16.661 GC heap after
Heap after GC invocations=10 (full 2):
 PSYoungGen      total 250880K, used 0K [0x00000000e0000000, 0x00000000f0500000, 0x0000000100000000)
  eden space 239616K, 0% used [0x00000000e0000000,0x00000000e0000000,0x00000000eea00000)
  from space 11264K, 0% used [0x00000000efa00000,0x00000000efa00000,0x00000000f0500000)
  to   space 13824K, 0% used [0x00000000eea00000,0x00000000eea00000,0x00000000ef780000)
 ParOldGen       total 66560K, used 15736K [0x00000000a0000000, 0x00000000a4100000, 0x00000000e0000000)
  object space 66560K, 23% used [0x00000000a0000000,0x00000000a0f5e2c8,0x00000000a4100000)
 Metaspace       used 34583K, capacity 35316K, committed 35416K, reserved 1079296K
  class space    used 4856K, capacity 5077K, committed 5120K, reserved 1048576K
}
Event: 29.439 GC heap before
{Heap before GC invocations=11 (full 2):
 PSYoungGen      total 250880K, used 239616K [0x00000000e0000000, 0x00000000f0500000, 0x0000000100000000)
  eden space 239616K, 100% used [0x00000000e0000000,0x00000000eea00000,0x00000000eea00000)
  from space 11264K, 0% used [0x00000000efa00000,0x00000000efa00000,0x00000000f0500000)
  to   space 13824K, 0% used [0x00000000eea00000,0x00000000eea00000,0x00000000ef780000)
 ParOldGen       total 66560K, used 15736K [0x00000000a0000000, 0x00000000a4100000, 0x00000000e0000000)
  object space 66560K, 23% used [0x00000000a0000000,0x00000000a0f5e2c8,0x00000000a4100000)
 Metaspace       used 55425K, capacity 57172K, committed 57472K, reserved 1097728K
  class space    used 7814K, capacity 8215K, committed 8320K, reserved 1048576K
Event: 29.524 GC heap after
Heap after GC invocations=11 (full 2):
 PSYoungGen      total 253440K, used 13805K [0x00000000e0000000, 0x00000000f7700000, 0x0000000100000000)
  eden space 239616K, 0% used [0x00000000e0000000,0x00000000e0000000,0x00000000eea00000)
  from space 13824K, 99% used [0x00000000eea00000,0x00000000ef77b7a0,0x00000000ef780000)
  to   space 21504K, 0% used [0x00000000f6200000,0x00000000f6200000,0x00000000f7700000)
 ParOldGen       total 66560K, used 30461K [0x00000000a0000000, 0x00000000a4100000, 0x00000000e0000000)
  object space 66560K, 45% used [0x00000000a0000000,0x00000000a1dbf7e8,0x00000000a4100000)
 Metaspace       used 55425K, capacity 57172K, committed 57472K, reserved 1097728K
  class space    used 7814K, capacity 8215K, committed 8320K, reserved 1048576K
}

